
> @bfay/docs@1.0.0 build
> build-storybook --output-dir dist

info @storybook/react v6.5.13
info 
info => Cleaning outputDir: /home/runner/work/Design-System-Ignite/Design-System-Ignite/packages/docs/dist
info => Loading presets
info => Loading custom manager config
info => Compiling manager..
info => Loading custom manager config

attention => Storybook now collects completely anonymous telemetry regarding usage.
This information is used to shape Storybook's roadmap and prioritize features.
You can learn more, including how to opt-out if you'd not like to participate in this anonymous program, by visiting the following URL:
https://storybook.js.org/telemetry

[36mvite v3.1.8 [32mbuilding for production...[36m[39m
transforming...
Use of eval is strongly discouraged, as it poses security risks and may cause issues with minification
Use of eval is strongly discouraged, as it poses security risks and may cause issues with minification
Use of eval is strongly discouraged, as it poses security risks and may cause issues with minification
[32m✓[39m 2538 modules transformed.
rendering chunks...
[90m[37m[2mdist/[22m[90m[39m[32miframe.html                                         [39m [2m13.49 KiB[22m
[90m[37m[2mdist/[22m[90m[39m[36massets/jsx-runtime.4497ce46.js                      [39m [2m1.06 KiB / gzip: 0.65 KiB[22m
[90m[37m[2mdist/[22m[90m[39m[90massets/jsx-runtime.4497ce46.js.map                  [39m [2m2.12 KiB[22m
[90m[37m[2mdist/[22m[90m[39m[36massets/index.7d2e9bf2.js                            [39m [2m7.21 KiB / gzip: 2.95 KiB[22m
[90m[37m[2mdist/[22m[90m[39m[90massets/index.7d2e9bf2.js.map                        [39m [2m15.35 KiB[22m
[90m[37m[2mdist/[22m[90m[39m[36massets/es.map.constructor.34936a20.js               [39m [2m0.24 KiB / gzip: 0.20 KiB[22m
[90m[37m[2mdist/[22m[90m[39m[90massets/es.map.constructor.34936a20.js.map           [39m [2m0.75 KiB[22m
[90m[37m[2mdist/[22m[90m[39m[36massets/string.0f8b6390.js                           [39m [2m0.36 KiB / gzip: 0.28 KiB[22m
[90m[37m[2mdist/[22m[90m[39m[90massets/string.0f8b6390.js.map                       [39m [2m1.08 KiB[22m
[90m[37m[2mdist/[22m[90m[39m[36massets/config.208cdbcf.js                           [39m [2m5.87 KiB / gzip: 2.33 KiB[22m
[90m[37m[2mdist/[22m[90m[39m[90massets/config.208cdbcf.js.map                       [39m [2m20.26 KiB[22m
[90m[37m[2mdist/[22m[90m[39m[36massets/preview.c65c0d60.js                          [39m [2m0.78 KiB / gzip: 0.48 KiB[22m
[90m[37m[2mdist/[22m[90m[39m[90massets/preview.c65c0d60.js.map                      [39m [2m7.27 KiB[22m
[90m[37m[2mdist/[22m[90m[39m[36massets/make-decorator.40f0f77c.js                   [39m [2m0.84 KiB / gzip: 0.49 KiB[22m
[90m[37m[2mdist/[22m[90m[39m[90massets/make-decorator.40f0f77c.js.map               [39m [2m2.99 KiB[22m
[90m[37m[2mdist/[22m[90m[39m[36massets/preview.0cd65bb0.js                          [39m [2m1.85 KiB / gzip: 0.68 KiB[22m
[90m[37m[2mdist/[22m[90m[39m[90massets/preview.0cd65bb0.js.map                      [39m [2m4.19 KiB[22m
[90m[37m[2mdist/[22m[90m[39m[36massets/preview.803f8016.js                          [39m [2m4.47 KiB / gzip: 1.71 KiB[22m
[90m[37m[2mdist/[22m[90m[39m[90massets/preview.803f8016.js.map                      [39m [2m16.78 KiB[22m
[90m[37m[2mdist/[22m[90m[39m[36massets/preview.1ecb2a1b.js                          [39m [2m10.17 KiB / gzip: 3.94 KiB[22m
[90m[37m[2mdist/[22m[90m[39m[90massets/preview.1ecb2a1b.js.map                      [39m [2m42.64 KiB[22m
[90m[37m[2mdist/[22m[90m[39m[36massets/preview.30e217f1.js                          [39m [2m9.52 KiB / gzip: 3.34 KiB[22m
[90m[37m[2mdist/[22m[90m[39m[90massets/preview.30e217f1.js.map                      [39m [2m38.45 KiB[22m
[90m[37m[2mdist/[22m[90m[39m[36massets/es.number.to-fixed.3fec57b3.js               [39m [2m1.65 KiB / gzip: 1.00 KiB[22m
[90m[37m[2mdist/[22m[90m[39m[90massets/es.number.to-fixed.3fec57b3.js.map           [39m [2m8.00 KiB[22m
[90m[37m[2mdist/[22m[90m[39m[36massets/preview.365cc75b.js                          [39m [2m7.96 KiB / gzip: 1.66 KiB[22m
[90m[37m[2mdist/[22m[90m[39m[90massets/preview.365cc75b.js.map                      [39m [2m16.87 KiB[22m
[90m[37m[2mdist/[22m[90m[39m[36massets/preview.b65f41fc.js                          [39m [2m3.32 KiB / gzip: 1.50 KiB[22m
[90m[37m[2mdist/[22m[90m[39m[90massets/preview.b65f41fc.js.map                      [39m [2m13.94 KiB[22m
[90m[37m[2mdist/[22m[90m[39m[36massets/home.stories.2b1214da.js                     [39m [2m1.19 KiB / gzip: 0.70 KiB[22m
[90m[37m[2mdist/[22m[90m[39m[90massets/home.stories.2b1214da.js.map                 [39m [2m1.16 KiB[22m
[90m[37m[2mdist/[22m[90m[39m[36massets/preview.8301dc2c.js                          [39m [2m26.36 KiB / gzip: 8.32 KiB[22m
[90m[37m[2mdist/[22m[90m[39m[90massets/preview.8301dc2c.js.map                      [39m [2m102.60 KiB[22m
[90m[37m[2mdist/[22m[90m[39m[36massets/preview.583bc547.js                          [39m [2m0.33 KiB / gzip: 0.25 KiB[22m
[90m[37m[2mdist/[22m[90m[39m[90massets/preview.583bc547.js.map                      [39m [2m0.54 KiB[22m
[90m[37m[2mdist/[22m[90m[39m[36massets/colors.stories.e631db64.js                   [39m [2m9.27 KiB / gzip: 3.95 KiB[22m
[90m[37m[2mdist/[22m[90m[39m[90massets/colors.stories.e631db64.js.map               [39m [2m142.73 KiB[22m
[90m[37m[2mdist/[22m[90m[39m[36massets/index.1ae4997e.js                            [39m [2m0.57 KiB / gzip: 0.32 KiB[22m
[90m[37m[2mdist/[22m[90m[39m[90massets/index.1ae4997e.js.map                        [39m [2m2.17 KiB[22m
[90m[37m[2mdist/[22m[90m[39m[36massets/fonts.stories.3bbaeaf8.js                    [39m [2m2.15 KiB / gzip: 1.07 KiB[22m
[90m[37m[2mdist/[22m[90m[39m[90massets/fonts.stories.3bbaeaf8.js.map                [39m [2m3.56 KiB[22m
[90m[37m[2mdist/[22m[90m[39m[36massets/TokensGrid.a1c0aa9f.js                       [39m [2m1.06 KiB / gzip: 0.54 KiB[22m
[90m[37m[2mdist/[22m[90m[39m[90massets/TokensGrid.a1c0aa9f.js.map                   [39m [2m1.62 KiB[22m
[90m[37m[2mdist/[22m[90m[39m[36massets/space.stories.be4f750e.js                    [39m [2m1.30 KiB / gzip: 0.74 KiB[22m
[90m[37m[2mdist/[22m[90m[39m[90massets/space.stories.be4f750e.js.map                [39m [2m1.34 KiB[22m
[90m[37m[2mdist/[22m[90m[39m[36massets/Avatar.stories.0a38b6cc.js                   [39m [2m0.43 KiB / gzip: 0.30 KiB[22m
[90m[37m[2mdist/[22m[90m[39m[90massets/Avatar.stories.0a38b6cc.js.map               [39m [2m0.10 KiB[22m
[90m[37m[2mdist/[22m[90m[39m[36massets/line-height.stories.0f3a2300.js              [39m [2m1.31 KiB / gzip: 0.74 KiB[22m
[90m[37m[2mdist/[22m[90m[39m[90massets/line-height.stories.0f3a2300.js.map          [39m [2m1.36 KiB[22m
[90m[37m[2mdist/[22m[90m[39m[36massets/index.faa97e5d.js                            [39m [2m38.21 KiB / gzip: 13.32 KiB[22m
[90m[37m[2mdist/[22m[90m[39m[90massets/index.faa97e5d.js.map                        [39m [2m137.43 KiB[22m
[90m[37m[2mdist/[22m[90m[39m[36massets/Box.stories.8cbaf255.js                      [39m [2m0.39 KiB / gzip: 0.27 KiB[22m
[90m[37m[2mdist/[22m[90m[39m[90massets/Box.stories.8cbaf255.js.map                  [39m [2m0.10 KiB[22m
[90m[37m[2mdist/[22m[90m[39m[36massets/Button.stories.288ffb4a.js                   [39m [2m2.97 KiB / gzip: 0.96 KiB[22m
[90m[37m[2mdist/[22m[90m[39m[90massets/Button.stories.288ffb4a.js.map               [39m [2m5.94 KiB[22m
[90m[37m[2mdist/[22m[90m[39m[36massets/CheckBox.stories.1a2e74ec.js                 [39m [2m0.46 KiB / gzip: 0.32 KiB[22m
[90m[37m[2mdist/[22m[90m[39m[90massets/CheckBox.stories.1a2e74ec.js.map             [39m [2m0.11 KiB[22m
[90m[37m[2mdist/[22m[90m[39m[36massets/Heading.stories.661dd04f.js                  [39m [2m0.62 KiB / gzip: 0.40 KiB[22m
[90m[37m[2mdist/[22m[90m[39m[90massets/Heading.stories.661dd04f.js.map              [39m [2m0.11 KiB[22m
[90m[37m[2mdist/[22m[90m[39m[36massets/MultiStep.stories.902c11ba.js                [39m [2m0.47 KiB / gzip: 0.32 KiB[22m
[90m[37m[2mdist/[22m[90m[39m[90massets/MultiStep.stories.902c11ba.js.map            [39m [2m0.11 KiB[22m
[90m[37m[2mdist/[22m[90m[39m[36massets/Text.stories.fc825795.js                     [39m [2m0.75 KiB / gzip: 0.48 KiB[22m
[90m[37m[2mdist/[22m[90m[39m[90massets/Text.stories.fc825795.js.map                 [39m [2m0.10 KiB[22m
[90m[37m[2mdist/[22m[90m[39m[36massets/TextInput.stories.4b9d7686.js                [39m [2m0.59 KiB / gzip: 0.39 KiB[22m
[90m[37m[2mdist/[22m[90m[39m[90massets/TextInput.stories.4b9d7686.js.map            [39m [2m0.11 KiB[22m
[90m[37m[2mdist/[22m[90m[39m[36massets/client.4b6e6383.js                           [39m [2m0.67 KiB / gzip: 0.42 KiB[22m
[90m[37m[2mdist/[22m[90m[39m[90massets/client.4b6e6383.js.map                       [39m [2m0.89 KiB[22m
[90m[37m[2mdist/[22m[90m[39m[36massets/renderDocs.51b6204b.js                       [39m [2m2.65 KiB / gzip: 1.29 KiB[22m
[90m[37m[2mdist/[22m[90m[39m[90massets/renderDocs.51b6204b.js.map                   [39m [2m9.54 KiB[22m
[90m[37m[2mdist/[22m[90m[39m[36massets/TextArea.stories.d671ee02.js                 [39m [2m0.55 KiB / gzip: 0.37 KiB[22m
[90m[37m[2mdist/[22m[90m[39m[90massets/TextArea.stories.d671ee02.js.map             [39m [2m0.11 KiB[22m
[90m[37m[2mdist/[22m[90m[39m[36massets/index.8c52e989.js                            [39m [2m2.48 KiB / gzip: 1.22 KiB[22m
[90m[37m[2mdist/[22m[90m[39m[90massets/index.8c52e989.js.map                        [39m [2m5.96 KiB[22m
[90m[37m[2mdist/[22m[90m[39m[36massets/es.string.from-code-point.9d5ff9e2.js        [39m [2m0.52 KiB / gzip: 0.39 KiB[22m
[90m[37m[2mdist/[22m[90m[39m[90massets/es.string.from-code-point.9d5ff9e2.js.map    [39m [2m2.13 KiB[22m
[90m[37m[2mdist/[22m[90m[39m[36massets/es.regexp.flags.2ecd8f16.js                  [39m [2m0.60 KiB / gzip: 0.42 KiB[22m
[90m[37m[2mdist/[22m[90m[39m[90massets/es.regexp.flags.2ecd8f16.js.map              [39m [2m2.68 KiB[22m
[90m[37m[2mdist/[22m[90m[39m[36massets/GlobalScrollAreaStyles-8793ce4a.7b2fcf99.js  [39m [2m10.33 KiB / gzip: 2.36 KiB[22m
[90m[37m[2mdist/[22m[90m[39m[90massets/GlobalScrollAreaStyles-8793ce4a.7b2fcf99.js.map[39m [2m20.39 KiB[22m
[90m[37m[2mdist/[22m[90m[39m[36massets/radii.stories.85ac8d05.js                    [39m [2m1.29 KiB / gzip: 0.73 KiB[22m
[90m[37m[2mdist/[22m[90m[39m[90massets/radii.stories.85ac8d05.js.map                [39m [2m1.32 KiB[22m
[90m[37m[2mdist/[22m[90m[39m[36massets/WithTooltip-167e9982.34822840.js             [39m [2m40.44 KiB / gzip: 13.54 KiB[22m
[90m[37m[2mdist/[22m[90m[39m[90massets/WithTooltip-167e9982.34822840.js.map         [39m [2m176.40 KiB[22m
[90m[37m[2mdist/[22m[90m[39m[36massets/Color-f953d088.cdd6f456.js                   [39m [2m33.86 KiB / gzip: 12.77 KiB[22m
[90m[37m[2mdist/[22m[90m[39m[90massets/Color-f953d088.cdd6f456.js.map               [39m [2m129.52 KiB[22m
[90m[37m[2mdist/[22m[90m[39m[35massets/TokensGrid.37594f72.css                      [39m [2m0.42 KiB / gzip: 0.22 KiB[22m
[90m[37m[2mdist/[22m[90m[39m[36massets/index.1ddad48b.js                            [39m [2m59.72 KiB / gzip: 21.77 KiB[22m
[90m[37m[2mdist/[22m[90m[39m[90massets/index.1ddad48b.js.map                        [39m [2m266.70 KiB[22m
[90m[37m[2mdist/[22m[90m[39m[36massets/index.c14d9993.js                            [39m [2m135.69 KiB / gzip: 44.59 KiB[22m
[90m[37m[2mdist/[22m[90m[39m[90massets/index.c14d9993.js.map                        [39m [2m327.51 KiB[22m
[90m[37m[2mdist/[22m[90m[39m[36massets/OverlayScrollbars-1355f44c.7104b374.js       [39m [2m63.21 KiB / gzip: 26.82 KiB[22m
[90m[37m[2mdist/[22m[90m[39m[90massets/OverlayScrollbars-1355f44c.7104b374.js.map   [39m [2m430.15 KiB[22m
[90m[37m[2mdist/[22m[90m[39m[36massets/syntaxhighlighter-b07b042a.5206ad10.js       [39m [2m125.90 KiB / gzip: 47.90 KiB[22m
[90m[37m[2mdist/[22m[90m[39m[90massets/syntaxhighlighter-b07b042a.5206ad10.js.map   [39m [2m455.28 KiB[22m
[90m[37m[2mdist/[22m[90m[39m[36massets/config.d99b92c1.js                           [39m [2m303.54 KiB / gzip: 89.02 KiB[22m
[90m[37m[2mdist/[22m[90m[39m[90massets/config.d99b92c1.js.map                       [39m [33m1084.20 KiB[39m
[90m[37m[2mdist/[22m[90m[39m[36massets/Props.1f15ca94.js                            [39m [2m411.48 KiB / gzip: 121.22 KiB[22m
[90m[37m[2mdist/[22m[90m[39m[90massets/Props.1f15ca94.js.map                        [39m [33m880.39 KiB[39m
[90m[37m[2mdist/[22m[90m[39m[36massets/axe.3986197c.js                              [39m [2m496.86 KiB / gzip: 132.66 KiB[22m
[90m[37m[2mdist/[22m[90m[39m[90massets/axe.3986197c.js.map                          [39m [33m1664.95 KiB[39m
[90m[37m[2mdist/[22m[90m[39m[36massets/iframe.d7da9f22.js                           [39m [33m506.29 KiB / gzip: 140.89 KiB[39m
[90m[37m[2mdist/[22m[90m[39m[90massets/iframe.d7da9f22.js.map                       [39m [33m1395.19 KiB[39m
[90m[37m[2mdist/[22m[90m[39m[36massets/formatter-0d5cb0eb.a64183ae.js               [39m [33m740.90 KiB / gzip: 234.00 KiB[39m
[90m[37m[2mdist/[22m[90m[39m[90massets/formatter-0d5cb0eb.a64183ae.js.map           [39m [33m1741.88 KiB[39m
[33m
(!) Some chunks are larger than 500 KiB after minification. Consider:
- Using dynamic import() to code-split the application
- Use build.rollupOptions.output.manualChunks to improve chunking: https://rollupjs.org/guide/en/#outputmanualchunks
- Adjust chunk size limit for this warning via build.chunkSizeWarningLimit.[39m
info => Manager built (1.73 min)
info => Output directory: /home/runner/work/Design-System-Ignite/Design-System-Ignite/packages/docs/dist
